This file contains any messages produced by compilers while
running configure, to aid debugging if configure makes a mistake.

It was created by Gridlab-D configure 2.3.0., which was
generated by GNU Autoconf 2.69.  Invocation command line was

  $ ./configure --no-create --no-recursion

## --------- ##
## Platform. ##
## --------- ##

hostname = noah-mint
uname -m = i686
uname -r = 3.11.0-12-generic
uname -s = Linux
uname -v = #19-Ubuntu SMP Wed Oct 9 16:12:00 UTC 2013

/usr/bin/uname -p = unknown
/bin/uname -X     = unknown

/bin/arch              = unknown
/usr/bin/arch -k       = unknown
/usr/convex/getsysinfo = unknown
/usr/bin/hostinfo      = unknown
/bin/machine           = unknown
/usr/bin/oslevel       = unknown
/bin/universe          = unknown

PATH: /usr/local/sbin
PATH: /usr/local/bin
PATH: /usr/sbin
PATH: /usr/bin
PATH: /sbin
PATH: /bin
PATH: /usr/games
PATH: /usr/local/games


## ----------- ##
## Core tests. ##
## ----------- ##

configure:2556: checking for a BSD-compatible install
configure:2624: result: /usr/bin/install -c
configure:2635: checking whether build environment is sane
configure:2690: result: yes
configure:2841: checking for a thread-safe mkdir -p
configure:2880: result: /bin/mkdir -p
configure:2887: checking for gawk
configure:2903: found /usr/bin/gawk
configure:2914: result: gawk
configure:2925: checking whether make sets $(MAKE)
configure:2947: result: yes
configure:2976: checking whether make supports nested variables
configure:2993: result: yes
configure:3114: checking build system type
configure:3128: result: i686-pc-linux-gnu
configure:3148: checking host system type
configure:3161: result: i686-pc-linux-gnu
configure:3937: checking for g++
configure:3953: found /usr/bin/g++
configure:3964: result: g++
configure:3991: checking for C++ compiler version
configure:4000: g++ --version >&5
g++ (Ubuntu/Linaro 4.8.1-10ubuntu9) 4.8.1
Copyright (C) 2013 Free Software Foundation, Inc.
This is free software; see the source for copying conditions.  There is NO
warranty; not even for MERCHANTABILITY or FITNESS FOR A PARTICULAR PURPOSE.

configure:4011: $? = 0
configure:4000: g++ -v >&5
Using built-in specs.
COLLECT_GCC=g++
COLLECT_LTO_WRAPPER=/usr/lib/gcc/i686-linux-gnu/4.8/lto-wrapper
Target: i686-linux-gnu
Configured with: ../src/configure -v --with-pkgversion='Ubuntu/Linaro 4.8.1-10ubuntu9' --with-bugurl=file:///usr/share/doc/gcc-4.8/README.Bugs --enable-languages=c,c++,java,go,d,fortran,objc,obj-c++ --prefix=/usr --program-suffix=-4.8 --enable-shared --enable-linker-build-id --libexecdir=/usr/lib --without-included-gettext --enable-threads=posix --with-gxx-include-dir=/usr/include/c++/4.8 --libdir=/usr/lib --enable-nls --with-sysroot=/ --enable-clocale=gnu --enable-libstdcxx-debug --enable-libstdcxx-time=yes --enable-gnu-unique-object --enable-plugin --with-system-zlib --disable-browser-plugin --enable-java-awt=gtk --enable-gtk-cairo --with-java-home=/usr/lib/jvm/java-1.5.0-gcj-4.8-i386/jre --enable-java-home --with-jvm-root-dir=/usr/lib/jvm/java-1.5.0-gcj-4.8-i386 --with-jvm-jar-dir=/usr/lib/jvm-exports/java-1.5.0-gcj-4.8-i386 --with-arch-directory=i386 --with-ecj-jar=/usr/share/java/eclipse-ecj.jar --enable-objc-gc --enable-targets=all --enable-multiarch --disable-werror --with-arch-32=i686 --with-multilib-list=m32,m64,mx32 --with-tune=generic --enable-checking=release --build=i686-linux-gnu --host=i686-linux-gnu --target=i686-linux-gnu
Thread model: posix
gcc version 4.8.1 (Ubuntu/Linaro 4.8.1-10ubuntu9) 
configure:4011: $? = 0
configure:4000: g++ -V >&5
g++: error: unrecognized command line option '-V'
g++: fatal error: no input files
compilation terminated.
configure:4011: $? = 4
configure:4000: g++ -qversion >&5
g++: error: unrecognized command line option '-qversion'
g++: fatal error: no input files
compilation terminated.
configure:4011: $? = 4
configure:4031: checking whether the C++ compiler works
configure:4053: g++   -I/home/noah/Desktop/windlab/core -g -O0 -march=i686   -I/home/noah/Desktop/windlab/core -g -O0 -march=i686  conftest.cpp  >&5
configure:4057: $? = 0
configure:4105: result: yes
configure:4108: checking for C++ compiler default output file name
configure:4110: result: a.out
configure:4116: checking for suffix of executables
configure:4123: g++ -o conftest   -I/home/noah/Desktop/windlab/core -g -O0 -march=i686   -I/home/noah/Desktop/windlab/core -g -O0 -march=i686  conftest.cpp  >&5
configure:4127: $? = 0
configure:4149: result: 
configure:4171: checking whether we are cross compiling
configure:4179: g++ -o conftest   -I/home/noah/Desktop/windlab/core -g -O0 -march=i686   -I/home/noah/Desktop/windlab/core -g -O0 -march=i686  conftest.cpp  >&5
configure:4183: $? = 0
configure:4190: ./conftest
configure:4194: $? = 0
configure:4209: result: no
configure:4214: checking for suffix of object files
configure:4236: g++ -c   -I/home/noah/Desktop/windlab/core -g -O0 -march=i686   -I/home/noah/Desktop/windlab/core -g -O0 -march=i686 conftest.cpp >&5
configure:4240: $? = 0
configure:4261: result: o
configure:4265: checking whether we are using the GNU C++ compiler
configure:4284: g++ -c   -I/home/noah/Desktop/windlab/core -g -O0 -march=i686   -I/home/noah/Desktop/windlab/core -g -O0 -march=i686 conftest.cpp >&5
configure:4284: $? = 0
configure:4293: result: yes
configure:4302: checking whether g++ accepts -g
configure:4322: g++ -c -g   -I/home/noah/Desktop/windlab/core -g -O0 -march=i686 conftest.cpp >&5
configure:4322: $? = 0
configure:4363: result: yes
configure:4397: checking for style of include used by make
configure:4425: result: GNU
configure:4451: checking dependency style of g++
configure:4562: result: gcc3
configure:4625: checking for gcc
configure:4641: found /usr/bin/gcc
configure:4652: result: gcc
configure:4881: checking for C compiler version
configure:4890: gcc --version >&5
gcc (Ubuntu/Linaro 4.8.1-10ubuntu9) 4.8.1
Copyright (C) 2013 Free Software Foundation, Inc.
This is free software; see the source for copying conditions.  There is NO
warranty; not even for MERCHANTABILITY or FITNESS FOR A PARTICULAR PURPOSE.

configure:4901: $? = 0
configure:4890: gcc -v >&5
Using built-in specs.
COLLECT_GCC=gcc
COLLECT_LTO_WRAPPER=/usr/lib/gcc/i686-linux-gnu/4.8/lto-wrapper
Target: i686-linux-gnu
Configured with: ../src/configure -v --with-pkgversion='Ubuntu/Linaro 4.8.1-10ubuntu9' --with-bugurl=file:///usr/share/doc/gcc-4.8/README.Bugs --enable-languages=c,c++,java,go,d,fortran,objc,obj-c++ --prefix=/usr --program-suffix=-4.8 --enable-shared --enable-linker-build-id --libexecdir=/usr/lib --without-included-gettext --enable-threads=posix --with-gxx-include-dir=/usr/include/c++/4.8 --libdir=/usr/lib --enable-nls --with-sysroot=/ --enable-clocale=gnu --enable-libstdcxx-debug --enable-libstdcxx-time=yes --enable-gnu-unique-object --enable-plugin --with-system-zlib --disable-browser-plugin --enable-java-awt=gtk --enable-gtk-cairo --with-java-home=/usr/lib/jvm/java-1.5.0-gcj-4.8-i386/jre --enable-java-home --with-jvm-root-dir=/usr/lib/jvm/java-1.5.0-gcj-4.8-i386 --with-jvm-jar-dir=/usr/lib/jvm-exports/java-1.5.0-gcj-4.8-i386 --with-arch-directory=i386 --with-ecj-jar=/usr/share/java/eclipse-ecj.jar --enable-objc-gc --enable-targets=all --enable-multiarch --disable-werror --with-arch-32=i686 --with-multilib-list=m32,m64,mx32 --with-tune=generic --enable-checking=release --build=i686-linux-gnu --host=i686-linux-gnu --target=i686-linux-gnu
Thread model: posix
gcc version 4.8.1 (Ubuntu/Linaro 4.8.1-10ubuntu9) 
configure:4901: $? = 0
configure:4890: gcc -V >&5
gcc: error: unrecognized command line option '-V'
gcc: fatal error: no input files
compilation terminated.
configure:4901: $? = 4
configure:4890: gcc -qversion >&5
gcc: error: unrecognized command line option '-qversion'
gcc: fatal error: no input files
compilation terminated.
configure:4901: $? = 4
configure:4905: checking whether we are using the GNU C compiler
configure:4924: gcc -c   -I/home/noah/Desktop/windlab/core -g -O0 -march=i686   -I/home/noah/Desktop/windlab/core -g -O0 -march=i686 conftest.c >&5
configure:4924: $? = 0
configure:4933: result: yes
configure:4942: checking whether gcc accepts -g
configure:4962: gcc -c -g   -I/home/noah/Desktop/windlab/core -g -O0 -march=i686 conftest.c >&5
configure:4962: $? = 0
configure:5003: result: yes
configure:5020: checking for gcc option to accept ISO C89
configure:5083: gcc  -c   -I/home/noah/Desktop/windlab/core -g -O0 -march=i686   -I/home/noah/Desktop/windlab/core -g -O0 -march=i686 conftest.c >&5
configure:5083: $? = 0
configure:5096: result: none needed
configure:5118: checking dependency style of gcc
configure:5229: result: gcc3
configure:5244: checking whether make sets $(MAKE)
configure:5266: result: yes
configure:5275: checking whether ln -s works
configure:5279: result: yes
configure:5334: checking how to print strings
configure:5361: result: printf
configure:5382: checking for a sed that does not truncate output
configure:5446: result: /bin/sed
configure:5464: checking for grep that handles long lines and -e
configure:5522: result: /bin/grep
configure:5527: checking for egrep
configure:5589: result: /bin/grep -E
configure:5594: checking for fgrep
configure:5656: result: /bin/grep -F
configure:5691: checking for ld used by gcc
configure:5758: result: /usr/bin/ld
configure:5765: checking if the linker (/usr/bin/ld) is GNU ld
configure:5780: result: yes
configure:5792: checking for BSD- or MS-compatible name lister (nm)
configure:5841: result: /usr/bin/nm -B
configure:5971: checking the name lister (/usr/bin/nm -B) interface
configure:5978: gcc -c   -I/home/noah/Desktop/windlab/core -g -O0 -march=i686   -I/home/noah/Desktop/windlab/core -g -O0 -march=i686 conftest.c >&5
configure:5981: /usr/bin/nm -B "conftest.o"
configure:5984: output
00000000 B some_variable
configure:5991: result: BSD nm
configure:5995: checking the maximum length of command line arguments
configure:6126: result: 805306365
configure:6143: checking whether the shell understands some XSI constructs
configure:6153: result: yes
configure:6157: checking whether the shell understands "+="
configure:6163: result: yes
configure:6198: checking how to convert i686-pc-linux-gnu file names to i686-pc-linux-gnu format
configure:6238: result: func_convert_file_noop
configure:6245: checking how to convert i686-pc-linux-gnu file names to toolchain format
configure:6265: result: func_convert_file_noop
configure:6272: checking for /usr/bin/ld option to reload object files
configure:6279: result: -r
configure:6353: checking for objdump
configure:6369: found /usr/bin/objdump
configure:6380: result: objdump
configure:6409: checking how to recognize dependent libraries
configure:6607: result: pass_all
configure:6692: checking for dlltool
configure:6722: result: no
configure:6749: checking how to associate runtime and link libraries
configure:6776: result: printf %s\n
configure:6837: checking for ar
configure:6853: found /usr/bin/ar
configure:6864: result: ar
configure:6901: checking for archiver @FILE support
configure:6918: gcc -c   -I/home/noah/Desktop/windlab/core -g -O0 -march=i686   -I/home/noah/Desktop/windlab/core -g -O0 -march=i686 conftest.c >&5
configure:6918: $? = 0
configure:6921: ar cru libconftest.a @conftest.lst >&5
configure:6924: $? = 0
configure:6929: ar cru libconftest.a @conftest.lst >&5
ar: conftest.o: No such file or directory
configure:6932: $? = 1
configure:6944: result: @
configure:7002: checking for strip
configure:7018: found /usr/bin/strip
configure:7029: result: strip
configure:7101: checking for ranlib
configure:7117: found /usr/bin/ranlib
configure:7128: result: ranlib
configure:7230: checking command to parse /usr/bin/nm -B output from gcc object
configure:7350: gcc -c   -I/home/noah/Desktop/windlab/core -g -O0 -march=i686   -I/home/noah/Desktop/windlab/core -g -O0 -march=i686 conftest.c >&5
configure:7353: $? = 0
configure:7357: /usr/bin/nm -B conftest.o \| sed -n -e 's/^.*[ ]\([ABCDGIRSTW][ABCDGIRSTW]*\)[ ][ ]*\([_A-Za-z][_A-Za-z0-9]*\)$/\1 \2 \2/p' | sed '/ __gnu_lto/d' \> conftest.nm
configure:7360: $? = 0
configure:7426: gcc -o conftest   -I/home/noah/Desktop/windlab/core -g -O0 -march=i686   -I/home/noah/Desktop/windlab/core -g -O0 -march=i686  conftest.c conftstm.o >&5
configure:7429: $? = 0
configure:7467: result: ok
configure:7504: checking for sysroot
configure:7534: result: no
configure:7797: checking for mt
configure:7813: found /bin/mt
configure:7824: result: mt
configure:7847: checking if mt is a manifest tool
configure:7853: mt '-?'
configure:7861: result: no
configure:8503: checking how to run the C preprocessor
configure:8534: gcc -E   -I/home/noah/Desktop/windlab/core -g -O0 -march=i686 conftest.c
configure:8534: $? = 0
configure:8548: gcc -E   -I/home/noah/Desktop/windlab/core -g -O0 -march=i686 conftest.c
conftest.c:13:28: fatal error: ac_nonexistent.h: No such file or directory
 #include <ac_nonexistent.h>
                            ^
compilation terminated.
configure:8548: $? = 1
configure: failed program was:
| /* confdefs.h */
| #define PACKAGE_NAME "Gridlab-D"
| #define PACKAGE_TARNAME "gridlabd"
| #define PACKAGE_VERSION "2.3.0."
| #define PACKAGE_STRING "Gridlab-D 2.3.0."
| #define PACKAGE_BUGREPORT "David Chassin <david.chassin@pnl.gov>"
| #define PACKAGE_URL ""
| #define PACKAGE "gridlabd"
| #define VERSION "2.3.0."
| #define REALTIME_LDFLAGS "-export-all-symbols"
| #define DLEXT ".so"
| /* end confdefs.h.  */
| #include <ac_nonexistent.h>
configure:8573: result: gcc -E
configure:8593: gcc -E   -I/home/noah/Desktop/windlab/core -g -O0 -march=i686 conftest.c
configure:8593: $? = 0
configure:8607: gcc -E   -I/home/noah/Desktop/windlab/core -g -O0 -march=i686 conftest.c
conftest.c:13:28: fatal error: ac_nonexistent.h: No such file or directory
 #include <ac_nonexistent.h>
                            ^
compilation terminated.
configure:8607: $? = 1
configure: failed program was:
| /* confdefs.h */
| #define PACKAGE_NAME "Gridlab-D"
| #define PACKAGE_TARNAME "gridlabd"
| #define PACKAGE_VERSION "2.3.0."
| #define PACKAGE_STRING "Gridlab-D 2.3.0."
| #define PACKAGE_BUGREPORT "David Chassin <david.chassin@pnl.gov>"
| #define PACKAGE_URL ""
| #define PACKAGE "gridlabd"
| #define VERSION "2.3.0."
| #define REALTIME_LDFLAGS "-export-all-symbols"
| #define DLEXT ".so"
| /* end confdefs.h.  */
| #include <ac_nonexistent.h>
configure:8636: checking for ANSI C header files
configure:8656: gcc -c   -I/home/noah/Desktop/windlab/core -g -O0 -march=i686   -I/home/noah/Desktop/windlab/core -g -O0 -march=i686 conftest.c >&5
configure:8656: $? = 0
configure:8729: gcc -o conftest   -I/home/noah/Desktop/windlab/core -g -O0 -march=i686   -I/home/noah/Desktop/windlab/core -g -O0 -march=i686  conftest.c  >&5
configure:8729: $? = 0
configure:8729: ./conftest
configure:8729: $? = 0
configure:8740: result: yes
configure:8753: checking for sys/types.h
configure:8753: gcc -c   -I/home/noah/Desktop/windlab/core -g -O0 -march=i686   -I/home/noah/Desktop/windlab/core -g -O0 -march=i686 conftest.c >&5
configure:8753: $? = 0
configure:8753: result: yes
configure:8753: checking for sys/stat.h
configure:8753: gcc -c   -I/home/noah/Desktop/windlab/core -g -O0 -march=i686   -I/home/noah/Desktop/windlab/core -g -O0 -march=i686 conftest.c >&5
configure:8753: $? = 0
configure:8753: result: yes
configure:8753: checking for stdlib.h
configure:8753: gcc -c   -I/home/noah/Desktop/windlab/core -g -O0 -march=i686   -I/home/noah/Desktop/windlab/core -g -O0 -march=i686 conftest.c >&5
configure:8753: $? = 0
configure:8753: result: yes
configure:8753: checking for string.h
configure:8753: gcc -c   -I/home/noah/Desktop/windlab/core -g -O0 -march=i686   -I/home/noah/Desktop/windlab/core -g -O0 -march=i686 conftest.c >&5
configure:8753: $? = 0
configure:8753: result: yes
configure:8753: checking for memory.h
configure:8753: gcc -c   -I/home/noah/Desktop/windlab/core -g -O0 -march=i686   -I/home/noah/Desktop/windlab/core -g -O0 -march=i686 conftest.c >&5
configure:8753: $? = 0
configure:8753: result: yes
configure:8753: checking for strings.h
configure:8753: gcc -c   -I/home/noah/Desktop/windlab/core -g -O0 -march=i686   -I/home/noah/Desktop/windlab/core -g -O0 -march=i686 conftest.c >&5
configure:8753: $? = 0
configure:8753: result: yes
configure:8753: checking for inttypes.h
configure:8753: gcc -c   -I/home/noah/Desktop/windlab/core -g -O0 -march=i686   -I/home/noah/Desktop/windlab/core -g -O0 -march=i686 conftest.c >&5
configure:8753: $? = 0
configure:8753: result: yes
configure:8753: checking for stdint.h
configure:8753: gcc -c   -I/home/noah/Desktop/windlab/core -g -O0 -march=i686   -I/home/noah/Desktop/windlab/core -g -O0 -march=i686 conftest.c >&5
configure:8753: $? = 0
configure:8753: result: yes
configure:8753: checking for unistd.h
configure:8753: gcc -c   -I/home/noah/Desktop/windlab/core -g -O0 -march=i686   -I/home/noah/Desktop/windlab/core -g -O0 -march=i686 conftest.c >&5
configure:8753: $? = 0
configure:8753: result: yes
configure:8767: checking for dlfcn.h
configure:8767: gcc -c   -I/home/noah/Desktop/windlab/core -g -O0 -march=i686   -I/home/noah/Desktop/windlab/core -g -O0 -march=i686 conftest.c >&5
configure:8767: $? = 0
configure:8767: result: yes
configure:8952: checking for objdir
configure:8967: result: .libs
configure:9238: checking if gcc supports -fno-rtti -fno-exceptions
configure:9256: gcc -c   -I/home/noah/Desktop/windlab/core -g -O0 -march=i686   -I/home/noah/Desktop/windlab/core -g -O0 -march=i686 -fno-rtti -fno-exceptions conftest.c >&5
cc1: warning: command line option '-fno-rtti' is valid for C++/ObjC++ but not for C [enabled by default]
configure:9260: $? = 0
configure:9273: result: no
configure:9600: checking for gcc option to produce PIC
configure:9607: result: -fPIC -DPIC
configure:9615: checking if gcc PIC flag -fPIC -DPIC works
configure:9633: gcc -c   -I/home/noah/Desktop/windlab/core -g -O0 -march=i686   -I/home/noah/Desktop/windlab/core -g -O0 -march=i686 -fPIC -DPIC -DPIC conftest.c >&5
configure:9637: $? = 0
configure:9650: result: yes
configure:9679: checking if gcc static flag -static works
configure:9707: result: yes
configure:9722: checking if gcc supports -c -o file.o
configure:9743: gcc -c   -I/home/noah/Desktop/windlab/core -g -O0 -march=i686   -I/home/noah/Desktop/windlab/core -g -O0 -march=i686 -o out/conftest2.o conftest.c >&5
configure:9747: $? = 0
configure:9769: result: yes
configure:9777: checking if gcc supports -c -o file.o
configure:9824: result: yes
configure:9857: checking whether the gcc linker (/usr/bin/ld) supports shared libraries
configure:11014: result: yes
configure:11051: checking whether -lc should be explicitly linked in
configure:11059: gcc -c   -I/home/noah/Desktop/windlab/core -g -O0 -march=i686   -I/home/noah/Desktop/windlab/core -g -O0 -march=i686 conftest.c >&5
configure:11062: $? = 0
configure:11077: gcc -shared  -fPIC -DPIC conftest.o  -v -Wl,-soname -Wl,conftest -o conftest 2\>\&1 \| /bin/grep  -lc  \>/dev/null 2\>\&1
configure:11080: $? = 0
configure:11094: result: no
configure:11254: checking dynamic linker characteristics
configure:11754: gcc -o conftest   -I/home/noah/Desktop/windlab/core -g -O0 -march=i686   -I/home/noah/Desktop/windlab/core -g -O0 -march=i686  -Wl,-rpath -Wl,/foo conftest.c  >&5
configure:11754: $? = 0
configure:11988: result: GNU/Linux ld.so
configure:12095: checking how to hardcode library paths into programs
configure:12120: result: immediate
configure:12660: checking whether stripping libraries is possible
configure:12665: result: yes
configure:12700: checking if libtool supports shared libraries
configure:12702: result: yes
configure:12705: checking whether to build shared libraries
configure:12726: result: yes
configure:12729: checking whether to build static libraries
configure:12733: result: no
configure:12756: checking how to run the C++ preprocessor
configure:12783: g++ -E   -I/home/noah/Desktop/windlab/core -g -O0 -march=i686 conftest.cpp
configure:12783: $? = 0
configure:12797: g++ -E   -I/home/noah/Desktop/windlab/core -g -O0 -march=i686 conftest.cpp
conftest.cpp:25:28: fatal error: ac_nonexistent.h: No such file or directory
 #include <ac_nonexistent.h>
                            ^
compilation terminated.
configure:12797: $? = 1
configure: failed program was:
| /* confdefs.h */
| #define PACKAGE_NAME "Gridlab-D"
| #define PACKAGE_TARNAME "gridlabd"
| #define PACKAGE_VERSION "2.3.0."
| #define PACKAGE_STRING "Gridlab-D 2.3.0."
| #define PACKAGE_BUGREPORT "David Chassin <david.chassin@pnl.gov>"
| #define PACKAGE_URL ""
| #define PACKAGE "gridlabd"
| #define VERSION "2.3.0."
| #define REALTIME_LDFLAGS "-export-all-symbols"
| #define DLEXT ".so"
| #define STDC_HEADERS 1
| #define HAVE_SYS_TYPES_H 1
| #define HAVE_SYS_STAT_H 1
| #define HAVE_STDLIB_H 1
| #define HAVE_STRING_H 1
| #define HAVE_MEMORY_H 1
| #define HAVE_STRINGS_H 1
| #define HAVE_INTTYPES_H 1
| #define HAVE_STDINT_H 1
| #define HAVE_UNISTD_H 1
| #define HAVE_DLFCN_H 1
| #define LT_OBJDIR ".libs/"
| /* end confdefs.h.  */
| #include <ac_nonexistent.h>
configure:12822: result: g++ -E
configure:12842: g++ -E   -I/home/noah/Desktop/windlab/core -g -O0 -march=i686 conftest.cpp
configure:12842: $? = 0
configure:12856: g++ -E   -I/home/noah/Desktop/windlab/core -g -O0 -march=i686 conftest.cpp
conftest.cpp:25:28: fatal error: ac_nonexistent.h: No such file or directory
 #include <ac_nonexistent.h>
                            ^
compilation terminated.
configure:12856: $? = 1
configure: failed program was:
| /* confdefs.h */
| #define PACKAGE_NAME "Gridlab-D"
| #define PACKAGE_TARNAME "gridlabd"
| #define PACKAGE_VERSION "2.3.0."
| #define PACKAGE_STRING "Gridlab-D 2.3.0."
| #define PACKAGE_BUGREPORT "David Chassin <david.chassin@pnl.gov>"
| #define PACKAGE_URL ""
| #define PACKAGE "gridlabd"
| #define VERSION "2.3.0."
| #define REALTIME_LDFLAGS "-export-all-symbols"
| #define DLEXT ".so"
| #define STDC_HEADERS 1
| #define HAVE_SYS_TYPES_H 1
| #define HAVE_SYS_STAT_H 1
| #define HAVE_STDLIB_H 1
| #define HAVE_STRING_H 1
| #define HAVE_MEMORY_H 1
| #define HAVE_STRINGS_H 1
| #define HAVE_INTTYPES_H 1
| #define HAVE_STDINT_H 1
| #define HAVE_UNISTD_H 1
| #define HAVE_DLFCN_H 1
| #define LT_OBJDIR ".libs/"
| /* end confdefs.h.  */
| #include <ac_nonexistent.h>
configure:13025: checking for ld used by g++
configure:13092: result: /usr/bin/ld
configure:13099: checking if the linker (/usr/bin/ld) is GNU ld
configure:13114: result: yes
configure:13169: checking whether the g++ linker (/usr/bin/ld) supports shared libraries
configure:14171: result: yes
configure:14207: g++ -c   -I/home/noah/Desktop/windlab/core -g -O0 -march=i686   -I/home/noah/Desktop/windlab/core -g -O0 -march=i686 conftest.cpp >&5
configure:14210: $? = 0
configure:14730: checking for g++ option to produce PIC
configure:14737: result: -fPIC -DPIC
configure:14745: checking if g++ PIC flag -fPIC -DPIC works
configure:14763: g++ -c   -I/home/noah/Desktop/windlab/core -g -O0 -march=i686   -I/home/noah/Desktop/windlab/core -g -O0 -march=i686 -fPIC -DPIC -DPIC conftest.cpp >&5
configure:14767: $? = 0
configure:14780: result: yes
configure:14803: checking if g++ static flag -static works
configure:14831: result: yes
configure:14843: checking if g++ supports -c -o file.o
configure:14864: g++ -c   -I/home/noah/Desktop/windlab/core -g -O0 -march=i686   -I/home/noah/Desktop/windlab/core -g -O0 -march=i686 -o out/conftest2.o conftest.cpp >&5
configure:14868: $? = 0
configure:14890: result: yes
configure:14895: checking if g++ supports -c -o file.o
configure:14942: result: yes
configure:14972: checking whether the g++ linker (/usr/bin/ld) supports shared libraries
configure:15011: result: yes
configure:15152: checking dynamic linker characteristics
configure:15820: result: GNU/Linux ld.so
configure:15873: checking how to hardcode library paths into programs
configure:15898: result: immediate
configure:16131: checking for the pthreads library -lpthreads
configure:16164: gcc -o conftest   -I/home/noah/Desktop/windlab/core -g -O0 -march=i686    -I/home/noah/Desktop/windlab/core -g -O0 -march=i686  -Wl,--no-undefined conftest.c -lpthreads  >&5
conftest.c: In function 'main':
conftest.c:30:22: warning: null argument where non-null required (argument 1) [-Wnonnull]
                      pthread_attr_init(0); pthread_cleanup_push(0, 0);
                      ^
conftest.c:31:22: warning: null argument where non-null required (argument 1) [-Wnonnull]
                      pthread_create(0,0,0,0); pthread_cleanup_pop(0);
                      ^
conftest.c:31:22: warning: null argument where non-null required (argument 3) [-Wnonnull]
/usr/bin/ld: cannot find -lpthreads
collect2: error: ld returned 1 exit status
configure:16164: $? = 1
configure: failed program was:
| /* confdefs.h */
| #define PACKAGE_NAME "Gridlab-D"
| #define PACKAGE_TARNAME "gridlabd"
| #define PACKAGE_VERSION "2.3.0."
| #define PACKAGE_STRING "Gridlab-D 2.3.0."
| #define PACKAGE_BUGREPORT "David Chassin <david.chassin@pnl.gov>"
| #define PACKAGE_URL ""
| #define PACKAGE "gridlabd"
| #define VERSION "2.3.0."
| #define REALTIME_LDFLAGS "-export-all-symbols"
| #define DLEXT ".so"
| #define STDC_HEADERS 1
| #define HAVE_SYS_TYPES_H 1
| #define HAVE_SYS_STAT_H 1
| #define HAVE_STDLIB_H 1
| #define HAVE_STRING_H 1
| #define HAVE_MEMORY_H 1
| #define HAVE_STRINGS_H 1
| #define HAVE_INTTYPES_H 1
| #define HAVE_STDINT_H 1
| #define HAVE_UNISTD_H 1
| #define HAVE_DLFCN_H 1
| #define LT_OBJDIR ".libs/"
| /* end confdefs.h.  */
| #include <pthread.h>
| int
| main ()
| {
| pthread_t th; pthread_join(th, 0);
|                      pthread_attr_init(0); pthread_cleanup_push(0, 0);
|                      pthread_create(0,0,0,0); pthread_cleanup_pop(0);
|   ;
|   return 0;
| }
configure:16173: result: no
configure:16076: checking whether pthreads work without any flags
configure:16164: gcc -o conftest   -I/home/noah/Desktop/windlab/core -g -O0 -march=i686    -I/home/noah/Desktop/windlab/core -g -O0 -march=i686  -Wl,--no-undefined conftest.c   >&5
conftest.c: In function 'main':
conftest.c:30:22: warning: null argument where non-null required (argument 1) [-Wnonnull]
                      pthread_attr_init(0); pthread_cleanup_push(0, 0);
                      ^
conftest.c:31:22: warning: null argument where non-null required (argument 1) [-Wnonnull]
                      pthread_create(0,0,0,0); pthread_cleanup_pop(0);
                      ^
conftest.c:31:22: warning: null argument where non-null required (argument 3) [-Wnonnull]
/tmp/ccRR5aXU.o: In function `main':
/home/noah/Desktop/windlab/conftest.c:29: undefined reference to `pthread_join'
/home/noah/Desktop/windlab/conftest.c:30: undefined reference to `__pthread_register_cancel'
/home/noah/Desktop/windlab/conftest.c:31: undefined reference to `pthread_create'
/home/noah/Desktop/windlab/conftest.c:31: undefined reference to `__pthread_unregister_cancel'
collect2: error: ld returned 1 exit status
configure:16164: $? = 1
configure: failed program was:
| /* confdefs.h */
| #define PACKAGE_NAME "Gridlab-D"
| #define PACKAGE_TARNAME "gridlabd"
| #define PACKAGE_VERSION "2.3.0."
| #define PACKAGE_STRING "Gridlab-D 2.3.0."
| #define PACKAGE_BUGREPORT "David Chassin <david.chassin@pnl.gov>"
| #define PACKAGE_URL ""
| #define PACKAGE "gridlabd"
| #define VERSION "2.3.0."
| #define REALTIME_LDFLAGS "-export-all-symbols"
| #define DLEXT ".so"
| #define STDC_HEADERS 1
| #define HAVE_SYS_TYPES_H 1
| #define HAVE_SYS_STAT_H 1
| #define HAVE_STDLIB_H 1
| #define HAVE_STRING_H 1
| #define HAVE_MEMORY_H 1
| #define HAVE_STRINGS_H 1
| #define HAVE_INTTYPES_H 1
| #define HAVE_STDINT_H 1
| #define HAVE_UNISTD_H 1
| #define HAVE_DLFCN_H 1
| #define LT_OBJDIR ".libs/"
| /* end confdefs.h.  */
| #include <pthread.h>
| int
| main ()
| {
| pthread_t th; pthread_join(th, 0);
|                      pthread_attr_init(0); pthread_cleanup_push(0, 0);
|                      pthread_create(0,0,0,0); pthread_cleanup_pop(0);
|   ;
|   return 0;
| }
configure:16173: result: no
configure:16081: checking whether pthreads work with -Kthread
configure:16164: gcc -o conftest   -I/home/noah/Desktop/windlab/core -g -O0 -march=i686 -Kthread   -I/home/noah/Desktop/windlab/core -g -O0 -march=i686  -Wl,--no-undefined conftest.c   >&5
gcc: error: unrecognized command line option '-Kthread'
configure:16164: $? = 1
configure: failed program was:
| /* confdefs.h */
| #define PACKAGE_NAME "Gridlab-D"
| #define PACKAGE_TARNAME "gridlabd"
| #define PACKAGE_VERSION "2.3.0."
| #define PACKAGE_STRING "Gridlab-D 2.3.0."
| #define PACKAGE_BUGREPORT "David Chassin <david.chassin@pnl.gov>"
| #define PACKAGE_URL ""
| #define PACKAGE "gridlabd"
| #define VERSION "2.3.0."
| #define REALTIME_LDFLAGS "-export-all-symbols"
| #define DLEXT ".so"
| #define STDC_HEADERS 1
| #define HAVE_SYS_TYPES_H 1
| #define HAVE_SYS_STAT_H 1
| #define HAVE_STDLIB_H 1
| #define HAVE_STRING_H 1
| #define HAVE_MEMORY_H 1
| #define HAVE_STRINGS_H 1
| #define HAVE_INTTYPES_H 1
| #define HAVE_STDINT_H 1
| #define HAVE_UNISTD_H 1
| #define HAVE_DLFCN_H 1
| #define LT_OBJDIR ".libs/"
| /* end confdefs.h.  */
| #include <pthread.h>
| int
| main ()
| {
| pthread_t th; pthread_join(th, 0);
|                      pthread_attr_init(0); pthread_cleanup_push(0, 0);
|                      pthread_create(0,0,0,0); pthread_cleanup_pop(0);
|   ;
|   return 0;
| }
configure:16173: result: no
configure:16081: checking whether pthreads work with -kthread
configure:16164: gcc -o conftest   -I/home/noah/Desktop/windlab/core -g -O0 -march=i686 -kthread   -I/home/noah/Desktop/windlab/core -g -O0 -march=i686  -Wl,--no-undefined conftest.c   >&5
gcc: error: unrecognized command line option '-kthread'
configure:16164: $? = 1
configure: failed program was:
| /* confdefs.h */
| #define PACKAGE_NAME "Gridlab-D"
| #define PACKAGE_TARNAME "gridlabd"
| #define PACKAGE_VERSION "2.3.0."
| #define PACKAGE_STRING "Gridlab-D 2.3.0."
| #define PACKAGE_BUGREPORT "David Chassin <david.chassin@pnl.gov>"
| #define PACKAGE_URL ""
| #define PACKAGE "gridlabd"
| #define VERSION "2.3.0."
| #define REALTIME_LDFLAGS "-export-all-symbols"
| #define DLEXT ".so"
| #define STDC_HEADERS 1
| #define HAVE_SYS_TYPES_H 1
| #define HAVE_SYS_STAT_H 1
| #define HAVE_STDLIB_H 1
| #define HAVE_STRING_H 1
| #define HAVE_MEMORY_H 1
| #define HAVE_STRINGS_H 1
| #define HAVE_INTTYPES_H 1
| #define HAVE_STDINT_H 1
| #define HAVE_UNISTD_H 1
| #define HAVE_DLFCN_H 1
| #define LT_OBJDIR ".libs/"
| /* end confdefs.h.  */
| #include <pthread.h>
| int
| main ()
| {
| pthread_t th; pthread_join(th, 0);
|                      pthread_attr_init(0); pthread_cleanup_push(0, 0);
|                      pthread_create(0,0,0,0); pthread_cleanup_pop(0);
|   ;
|   return 0;
| }
configure:16173: result: no
configure:16131: checking for the pthreads library -llthread
configure:16164: gcc -o conftest   -I/home/noah/Desktop/windlab/core -g -O0 -march=i686    -I/home/noah/Desktop/windlab/core -g -O0 -march=i686  -Wl,--no-undefined conftest.c -llthread  >&5
conftest.c: In function 'main':
conftest.c:30:22: warning: null argument where non-null required (argument 1) [-Wnonnull]
                      pthread_attr_init(0); pthread_cleanup_push(0, 0);
                      ^
conftest.c:31:22: warning: null argument where non-null required (argument 1) [-Wnonnull]
                      pthread_create(0,0,0,0); pthread_cleanup_pop(0);
                      ^
conftest.c:31:22: warning: null argument where non-null required (argument 3) [-Wnonnull]
/usr/bin/ld: cannot find -llthread
collect2: error: ld returned 1 exit status
configure:16164: $? = 1
configure: failed program was:
| /* confdefs.h */
| #define PACKAGE_NAME "Gridlab-D"
| #define PACKAGE_TARNAME "gridlabd"
| #define PACKAGE_VERSION "2.3.0."
| #define PACKAGE_STRING "Gridlab-D 2.3.0."
| #define PACKAGE_BUGREPORT "David Chassin <david.chassin@pnl.gov>"
| #define PACKAGE_URL ""
| #define PACKAGE "gridlabd"
| #define VERSION "2.3.0."
| #define REALTIME_LDFLAGS "-export-all-symbols"
| #define DLEXT ".so"
| #define STDC_HEADERS 1
| #define HAVE_SYS_TYPES_H 1
| #define HAVE_SYS_STAT_H 1
| #define HAVE_STDLIB_H 1
| #define HAVE_STRING_H 1
| #define HAVE_MEMORY_H 1
| #define HAVE_STRINGS_H 1
| #define HAVE_INTTYPES_H 1
| #define HAVE_STDINT_H 1
| #define HAVE_UNISTD_H 1
| #define HAVE_DLFCN_H 1
| #define LT_OBJDIR ".libs/"
| /* end confdefs.h.  */
| #include <pthread.h>
| int
| main ()
| {
| pthread_t th; pthread_join(th, 0);
|                      pthread_attr_init(0); pthread_cleanup_push(0, 0);
|                      pthread_create(0,0,0,0); pthread_cleanup_pop(0);
|   ;
|   return 0;
| }
configure:16173: result: no
configure:16081: checking whether pthreads work with -pthread
configure:16164: gcc -o conftest   -I/home/noah/Desktop/windlab/core -g -O0 -march=i686 -pthread   -I/home/noah/Desktop/windlab/core -g -O0 -march=i686  -Wl,--no-undefined conftest.c   >&5
conftest.c: In function 'main':
conftest.c:30:22: warning: null argument where non-null required (argument 1) [-Wnonnull]
                      pthread_attr_init(0); pthread_cleanup_push(0, 0);
                      ^
conftest.c:31:22: warning: null argument where non-null required (argument 1) [-Wnonnull]
                      pthread_create(0,0,0,0); pthread_cleanup_pop(0);
                      ^
conftest.c:31:22: warning: null argument where non-null required (argument 3) [-Wnonnull]
configure:16164: $? = 0
configure:16173: result: yes
configure:16192: checking for joinable pthread attribute
configure:16207: gcc -o conftest   -I/home/noah/Desktop/windlab/core -g -O0 -march=i686 -pthread   -I/home/noah/Desktop/windlab/core -g -O0 -march=i686  -Wl,--no-undefined conftest.c   >&5
configure:16207: $? = 0
configure:16213: result: PTHREAD_CREATE_JOINABLE
configure:16223: checking if more special flags are required for pthreads
configure:16230: result: no
configure:16402: checking for Xerces C++ Parser headers in /usr/include and /usr/include/xercesc
configure:16427: g++ -c   -I/home/noah/Desktop/windlab/core -g -O0 -march=i686   -I/home/noah/Desktop/windlab/core -g -O0 -march=i686 -I/usr/include -I/usr/include/xercesc conftest.cpp >&5
configure:16427: $? = 0
configure:16431: result: found
configure:16452: checking for Xerces C++ Parser libraries
configure:16482: g++ -o conftest   -I/home/noah/Desktop/windlab/core -g -O0 -march=i686   -I/home/noah/Desktop/windlab/core -g -O0 -march=i686 -I/usr/include -I/usr/include/xercesc  -Wl,--no-undefined -L/usr/lib  conftest.cpp -lxerces-c   >&5
configure:16482: $? = 0
configure:16487: result: found
configure:16513: checking for Xerces C++ Parser
configure:16528: result: yes
configure:16537: checking if Xerces C++ Parser version is >= 2.7
configure:16574: result: yes
configure:16703: checking for doxygen
configure:16736: result: no
configure:16756: WARNING: doxygen not found - will not generate any doxygen documentation
configure:16809: checking for perl
configure:16827: found /usr/bin/perl
configure:16839: result: /usr/bin/perl
configure:18531: checking if compiler has __sync_bool_compare_and_swap builtin
configure:18545: gcc -o conftest   -I/home/noah/Desktop/windlab/core -g -O0 -march=i686   -I/home/noah/Desktop/windlab/core -g -O0 -march=i686  -Wl,--no-undefined conftest.c  >&5
configure:18545: $? = 0
configure:18552: result: yes
configure:18565: checking if compiler has __sync_add_and_fetch builtin
configure:18579: gcc -o conftest   -I/home/noah/Desktop/windlab/core -g -O0 -march=i686   -I/home/noah/Desktop/windlab/core -g -O0 -march=i686  -Wl,--no-undefined conftest.c  >&5
configure:18579: $? = 0
configure:18586: result: yes
configure:18634: checking for cppunit-config
configure:18665: result: no
configure:18675: checking for Cppunit - version >= 1.12
configure:18679: result: no
configure:18789: checking for ANSI C header files
configure:18893: result: yes
configure:18904: checking malloc.h usability
configure:18904: gcc -c   -I/home/noah/Desktop/windlab/core -g -O0 -march=i686   -I/home/noah/Desktop/windlab/core -g -O0 -march=i686 -D_NO_CPPUNIT conftest.c >&5
configure:18904: $? = 0
configure:18904: result: yes
configure:18904: checking malloc.h presence
configure:18904: gcc -E   -I/home/noah/Desktop/windlab/core -g -O0 -march=i686 -D_NO_CPPUNIT conftest.c
configure:18904: $? = 0
configure:18904: result: yes
configure:18904: checking for malloc.h
configure:18904: result: yes
configure:18904: checking for memory.h
configure:18904: result: yes
configure:18904: checking for stdlib.h
configure:18904: result: yes
configure:18904: checking for string.h
configure:18904: result: yes
configure:18904: checking for unistd.h
configure:18904: result: yes
configure:18916: checking for stdbool.h that conforms to C99
configure:18983: gcc -c   -I/home/noah/Desktop/windlab/core -g -O0 -march=i686   -I/home/noah/Desktop/windlab/core -g -O0 -march=i686 -D_NO_CPPUNIT conftest.c >&5
configure:18983: $? = 0
configure:18990: result: yes
configure:18992: checking for _Bool
configure:18992: gcc -c   -I/home/noah/Desktop/windlab/core -g -O0 -march=i686   -I/home/noah/Desktop/windlab/core -g -O0 -march=i686 -D_NO_CPPUNIT conftest.c >&5
configure:18992: $? = 0
configure:18992: gcc -c   -I/home/noah/Desktop/windlab/core -g -O0 -march=i686   -I/home/noah/Desktop/windlab/core -g -O0 -march=i686 -D_NO_CPPUNIT conftest.c >&5
conftest.c: In function 'main':
conftest.c:70:20: error: expected expression before ')' token
 if (sizeof ((_Bool)))
                    ^
configure:18992: $? = 1
configure: failed program was:
| /* confdefs.h */
| #define PACKAGE_NAME "Gridlab-D"
| #define PACKAGE_TARNAME "gridlabd"
| #define PACKAGE_VERSION "2.3.0."
| #define PACKAGE_STRING "Gridlab-D 2.3.0."
| #define PACKAGE_BUGREPORT "David Chassin <david.chassin@pnl.gov>"
| #define PACKAGE_URL ""
| #define PACKAGE "gridlabd"
| #define VERSION "2.3.0."
| #define REALTIME_LDFLAGS "-export-all-symbols"
| #define DLEXT ".so"
| #define STDC_HEADERS 1
| #define HAVE_SYS_TYPES_H 1
| #define HAVE_SYS_STAT_H 1
| #define HAVE_STDLIB_H 1
| #define HAVE_STRING_H 1
| #define HAVE_MEMORY_H 1
| #define HAVE_STRINGS_H 1
| #define HAVE_INTTYPES_H 1
| #define HAVE_STDINT_H 1
| #define HAVE_UNISTD_H 1
| #define HAVE_DLFCN_H 1
| #define LT_OBJDIR ".libs/"
| #define HAVE_PTHREAD 1
| #define HAVE___SYNC_BOOL_COMPARE_AND_SWAP 1
| #define HAVE___SYNC_ADD_AND_FETCH 1
| #define STDC_HEADERS 1
| #define HAVE_MALLOC_H 1
| #define HAVE_MEMORY_H 1
| #define HAVE_STDLIB_H 1
| #define HAVE_STRING_H 1
| #define HAVE_UNISTD_H 1
| /* end confdefs.h.  */
| #include <stdio.h>
| #ifdef HAVE_SYS_TYPES_H
| # include <sys/types.h>
| #endif
| #ifdef HAVE_SYS_STAT_H
| # include <sys/stat.h>
| #endif
| #ifdef STDC_HEADERS
| # include <stdlib.h>
| # include <stddef.h>
| #else
| # ifdef HAVE_STDLIB_H
| #  include <stdlib.h>
| # endif
| #endif
| #ifdef HAVE_STRING_H
| # if !defined STDC_HEADERS && defined HAVE_MEMORY_H
| #  include <memory.h>
| # endif
| # include <string.h>
| #endif
| #ifdef HAVE_STRINGS_H
| # include <strings.h>
| #endif
| #ifdef HAVE_INTTYPES_H
| # include <inttypes.h>
| #endif
| #ifdef HAVE_STDINT_H
| # include <stdint.h>
| #endif
| #ifdef HAVE_UNISTD_H
| # include <unistd.h>
| #endif
| int
| main ()
| {
| if (sizeof ((_Bool)))
| 	    return 0;
|   ;
|   return 0;
| }
configure:18992: result: yes
configure:19009: checking for an ANSI C-conforming const
configure:19075: gcc -c   -I/home/noah/Desktop/windlab/core -g -O0 -march=i686   -I/home/noah/Desktop/windlab/core -g -O0 -march=i686 -D_NO_CPPUNIT conftest.c >&5
configure:19075: $? = 0
configure:19082: result: yes
configure:19090: checking for inline
configure:19106: gcc -c   -I/home/noah/Desktop/windlab/core -g -O0 -march=i686   -I/home/noah/Desktop/windlab/core -g -O0 -march=i686 -D_NO_CPPUNIT conftest.c >&5
configure:19106: $? = 0
configure:19114: result: inline
configure:19132: checking whether struct tm is in sys/time.h or time.h
configure:19152: gcc -c   -I/home/noah/Desktop/windlab/core -g -O0 -march=i686   -I/home/noah/Desktop/windlab/core -g -O0 -march=i686 -D_NO_CPPUNIT conftest.c >&5
configure:19152: $? = 0
configure:19159: result: time.h
configure:19171: checking for stdlib.h
configure:19171: result: yes
configure:19181: checking for GNU libc compatible malloc
configure:19205: gcc -o conftest   -I/home/noah/Desktop/windlab/core -g -O0 -march=i686   -I/home/noah/Desktop/windlab/core -g -O0 -march=i686 -D_NO_CPPUNIT  -Wl,--no-undefined conftest.c  >&5
configure:19205: $? = 0
configure:19205: ./conftest
configure:19205: $? = 0
configure:19215: result: yes
configure:19236: checking whether time.h and sys/time.h may both be included
configure:19256: gcc -c   -I/home/noah/Desktop/windlab/core -g -O0 -march=i686   -I/home/noah/Desktop/windlab/core -g -O0 -march=i686 -D_NO_CPPUNIT conftest.c >&5
configure:19256: $? = 0
configure:19263: result: yes
configure:19277: checking for sys/time.h
configure:19277: gcc -c   -I/home/noah/Desktop/windlab/core -g -O0 -march=i686   -I/home/noah/Desktop/windlab/core -g -O0 -march=i686 -D_NO_CPPUNIT conftest.c >&5
configure:19277: $? = 0
configure:19277: result: yes
configure:19277: checking for unistd.h
configure:19277: result: yes
configure:19298: checking for alarm
configure:19298: gcc -o conftest   -I/home/noah/Desktop/windlab/core -g -O0 -march=i686   -I/home/noah/Desktop/windlab/core -g -O0 -march=i686 -D_NO_CPPUNIT  -Wl,--no-undefined conftest.c  >&5
configure:19298: $? = 0
configure:19298: result: yes
configure:19311: checking for working mktime
configure:19513: gcc -o conftest   -I/home/noah/Desktop/windlab/core -g -O0 -march=i686   -I/home/noah/Desktop/windlab/core -g -O0 -march=i686 -D_NO_CPPUNIT  -Wl,--no-undefined conftest.c  >&5
configure:19513: $? = 0
configure:19513: ./conftest
configure:19513: $? = 0
configure:19523: result: yes
configure:19536: checking for stdlib.h
configure:19536: result: yes
configure:19546: checking for GNU libc compatible realloc
configure:19570: gcc -o conftest   -I/home/noah/Desktop/windlab/core -g -O0 -march=i686   -I/home/noah/Desktop/windlab/core -g -O0 -march=i686 -D_NO_CPPUNIT  -Wl,--no-undefined conftest.c  >&5
configure:19570: $? = 0
configure:19570: ./conftest
configure:19570: $? = 0
configure:19580: result: yes
configure:19603: checking for strftime
configure:19603: gcc -o conftest   -I/home/noah/Desktop/windlab/core -g -O0 -march=i686   -I/home/noah/Desktop/windlab/core -g -O0 -march=i686 -D_NO_CPPUNIT  -Wl,--no-undefined conftest.c  >&5
conftest.c:67:6: warning: conflicting types for built-in function 'strftime' [enabled by default]
 char strftime ();
      ^
configure:19603: $? = 0
configure:19603: result: yes
configure:19658: checking for vprintf
configure:19658: gcc -o conftest   -I/home/noah/Desktop/windlab/core -g -O0 -march=i686   -I/home/noah/Desktop/windlab/core -g -O0 -march=i686 -D_NO_CPPUNIT  -Wl,--no-undefined conftest.c  >&5
conftest.c:68:6: warning: conflicting types for built-in function 'vprintf' [enabled by default]
 char vprintf ();
      ^
configure:19658: $? = 0
configure:19658: result: yes
configure:19664: checking for _doprnt
configure:19664: gcc -o conftest   -I/home/noah/Desktop/windlab/core -g -O0 -march=i686   -I/home/noah/Desktop/windlab/core -g -O0 -march=i686 -D_NO_CPPUNIT  -Wl,--no-undefined conftest.c  >&5
/tmp/cce27Bjj.o: In function `main':
/home/noah/Desktop/windlab/conftest.c:80: undefined reference to `_doprnt'
collect2: error: ld returned 1 exit status
configure:19664: $? = 1
configure: failed program was:
| /* confdefs.h */
| #define PACKAGE_NAME "Gridlab-D"
| #define PACKAGE_TARNAME "gridlabd"
| #define PACKAGE_VERSION "2.3.0."
| #define PACKAGE_STRING "Gridlab-D 2.3.0."
| #define PACKAGE_BUGREPORT "David Chassin <david.chassin@pnl.gov>"
| #define PACKAGE_URL ""
| #define PACKAGE "gridlabd"
| #define VERSION "2.3.0."
| #define REALTIME_LDFLAGS "-export-all-symbols"
| #define DLEXT ".so"
| #define STDC_HEADERS 1
| #define HAVE_SYS_TYPES_H 1
| #define HAVE_SYS_STAT_H 1
| #define HAVE_STDLIB_H 1
| #define HAVE_STRING_H 1
| #define HAVE_MEMORY_H 1
| #define HAVE_STRINGS_H 1
| #define HAVE_INTTYPES_H 1
| #define HAVE_STDINT_H 1
| #define HAVE_UNISTD_H 1
| #define HAVE_DLFCN_H 1
| #define LT_OBJDIR ".libs/"
| #define HAVE_PTHREAD 1
| #define HAVE___SYNC_BOOL_COMPARE_AND_SWAP 1
| #define HAVE___SYNC_ADD_AND_FETCH 1
| #define STDC_HEADERS 1
| #define HAVE_MALLOC_H 1
| #define HAVE_MEMORY_H 1
| #define HAVE_STDLIB_H 1
| #define HAVE_STRING_H 1
| #define HAVE_UNISTD_H 1
| #define HAVE__BOOL 1
| #define HAVE_STDBOOL_H 1
| #define HAVE_STDLIB_H 1
| #define HAVE_MALLOC 1
| #define TIME_WITH_SYS_TIME 1
| #define HAVE_SYS_TIME_H 1
| #define HAVE_UNISTD_H 1
| #define HAVE_ALARM 1
| #define HAVE_STDLIB_H 1
| #define HAVE_REALLOC 1
| #define HAVE_STRFTIME 1
| #define HAVE_VPRINTF 1
| /* end confdefs.h.  */
| /* Define _doprnt to an innocuous variant, in case <limits.h> declares _doprnt.
|    For example, HP-UX 11i <limits.h> declares gettimeofday.  */
| #define _doprnt innocuous__doprnt
| 
| /* System header to define __stub macros and hopefully few prototypes,
|     which can conflict with char _doprnt (); below.
|     Prefer <limits.h> to <assert.h> if __STDC__ is defined, since
|     <limits.h> exists even on freestanding compilers.  */
| 
| #ifdef __STDC__
| # include <limits.h>
| #else
| # include <assert.h>
| #endif
| 
| #undef _doprnt
| 
| /* Override any GCC internal prototype to avoid an error.
|    Use char because int might match the return type of a GCC
|    builtin and then its argument prototype would still apply.  */
| #ifdef __cplusplus
| extern "C"
| #endif
| char _doprnt ();
| /* The GNU C library defines this for functions which it implements
|     to always fail with ENOSYS.  Some functions are actually named
|     something starting with __ and the normal name is an alias.  */
| #if defined __stub__doprnt || defined __stub____doprnt
| choke me
| #endif
| 
| int
| main ()
| {
| return _doprnt ();
|   ;
|   return 0;
| }
configure:19664: result: no
configure:19678: checking for isfinite
configure:19678: gcc -o conftest   -I/home/noah/Desktop/windlab/core -g -O0 -march=i686   -I/home/noah/Desktop/windlab/core -g -O0 -march=i686 -D_NO_CPPUNIT  -Wl,--no-undefined conftest.c  >&5
/tmp/ccp1OGAs.o: In function `main':
/home/noah/Desktop/windlab/conftest.c:80: undefined reference to `isfinite'
collect2: error: ld returned 1 exit status
configure:19678: $? = 1
configure: failed program was:
| /* confdefs.h */
| #define PACKAGE_NAME "Gridlab-D"
| #define PACKAGE_TARNAME "gridlabd"
| #define PACKAGE_VERSION "2.3.0."
| #define PACKAGE_STRING "Gridlab-D 2.3.0."
| #define PACKAGE_BUGREPORT "David Chassin <david.chassin@pnl.gov>"
| #define PACKAGE_URL ""
| #define PACKAGE "gridlabd"
| #define VERSION "2.3.0."
| #define REALTIME_LDFLAGS "-export-all-symbols"
| #define DLEXT ".so"
| #define STDC_HEADERS 1
| #define HAVE_SYS_TYPES_H 1
| #define HAVE_SYS_STAT_H 1
| #define HAVE_STDLIB_H 1
| #define HAVE_STRING_H 1
| #define HAVE_MEMORY_H 1
| #define HAVE_STRINGS_H 1
| #define HAVE_INTTYPES_H 1
| #define HAVE_STDINT_H 1
| #define HAVE_UNISTD_H 1
| #define HAVE_DLFCN_H 1
| #define LT_OBJDIR ".libs/"
| #define HAVE_PTHREAD 1
| #define HAVE___SYNC_BOOL_COMPARE_AND_SWAP 1
| #define HAVE___SYNC_ADD_AND_FETCH 1
| #define STDC_HEADERS 1
| #define HAVE_MALLOC_H 1
| #define HAVE_MEMORY_H 1
| #define HAVE_STDLIB_H 1
| #define HAVE_STRING_H 1
| #define HAVE_UNISTD_H 1
| #define HAVE__BOOL 1
| #define HAVE_STDBOOL_H 1
| #define HAVE_STDLIB_H 1
| #define HAVE_MALLOC 1
| #define TIME_WITH_SYS_TIME 1
| #define HAVE_SYS_TIME_H 1
| #define HAVE_UNISTD_H 1
| #define HAVE_ALARM 1
| #define HAVE_STDLIB_H 1
| #define HAVE_REALLOC 1
| #define HAVE_STRFTIME 1
| #define HAVE_VPRINTF 1
| /* end confdefs.h.  */
| /* Define isfinite to an innocuous variant, in case <limits.h> declares isfinite.
|    For example, HP-UX 11i <limits.h> declares gettimeofday.  */
| #define isfinite innocuous_isfinite
| 
| /* System header to define __stub macros and hopefully few prototypes,
|     which can conflict with char isfinite (); below.
|     Prefer <limits.h> to <assert.h> if __STDC__ is defined, since
|     <limits.h> exists even on freestanding compilers.  */
| 
| #ifdef __STDC__
| # include <limits.h>
| #else
| # include <assert.h>
| #endif
| 
| #undef isfinite
| 
| /* Override any GCC internal prototype to avoid an error.
|    Use char because int might match the return type of a GCC
|    builtin and then its argument prototype would still apply.  */
| #ifdef __cplusplus
| extern "C"
| #endif
| char isfinite ();
| /* The GNU C library defines this for functions which it implements
|     to always fail with ENOSYS.  Some functions are actually named
|     something starting with __ and the normal name is an alias.  */
| #if defined __stub_isfinite || defined __stub___isfinite
| choke me
| #endif
| 
| int
| main ()
| {
| return isfinite ();
|   ;
|   return 0;
| }
configure:19678: result: no
configure:19678: checking for atexit
configure:19678: gcc -o conftest   -I/home/noah/Desktop/windlab/core -g -O0 -march=i686   -I/home/noah/Desktop/windlab/core -g -O0 -march=i686 -D_NO_CPPUNIT  -Wl,--no-undefined conftest.c  >&5
configure:19678: $? = 0
configure:19678: result: yes
configure:19678: checking for getcwd
configure:19678: gcc -o conftest   -I/home/noah/Desktop/windlab/core -g -O0 -march=i686   -I/home/noah/Desktop/windlab/core -g -O0 -march=i686 -D_NO_CPPUNIT  -Wl,--no-undefined conftest.c  >&5
configure:19678: $? = 0
configure:19678: result: yes
configure:19678: checking for memset
configure:19678: gcc -o conftest   -I/home/noah/Desktop/windlab/core -g -O0 -march=i686   -I/home/noah/Desktop/windlab/core -g -O0 -march=i686 -D_NO_CPPUNIT  -Wl,--no-undefined conftest.c  >&5
conftest.c:71:6: warning: conflicting types for built-in function 'memset' [enabled by default]
 char memset ();
      ^
configure:19678: $? = 0
configure:19678: result: yes
configure:19678: checking for pow
configure:19678: gcc -o conftest   -I/home/noah/Desktop/windlab/core -g -O0 -march=i686   -I/home/noah/Desktop/windlab/core -g -O0 -march=i686 -D_NO_CPPUNIT  -Wl,--no-undefined conftest.c  >&5
conftest.c:72:6: warning: conflicting types for built-in function 'pow' [enabled by default]
 char pow ();
      ^
/tmp/ccGZuHoc.o: In function `main':
/home/noah/Desktop/windlab/conftest.c:83: undefined reference to `pow'
collect2: error: ld returned 1 exit status
configure:19678: $? = 1
configure: failed program was:
| /* confdefs.h */
| #define PACKAGE_NAME "Gridlab-D"
| #define PACKAGE_TARNAME "gridlabd"
| #define PACKAGE_VERSION "2.3.0."
| #define PACKAGE_STRING "Gridlab-D 2.3.0."
| #define PACKAGE_BUGREPORT "David Chassin <david.chassin@pnl.gov>"
| #define PACKAGE_URL ""
| #define PACKAGE "gridlabd"
| #define VERSION "2.3.0."
| #define REALTIME_LDFLAGS "-export-all-symbols"
| #define DLEXT ".so"
| #define STDC_HEADERS 1
| #define HAVE_SYS_TYPES_H 1
| #define HAVE_SYS_STAT_H 1
| #define HAVE_STDLIB_H 1
| #define HAVE_STRING_H 1
| #define HAVE_MEMORY_H 1
| #define HAVE_STRINGS_H 1
| #define HAVE_INTTYPES_H 1
| #define HAVE_STDINT_H 1
| #define HAVE_UNISTD_H 1
| #define HAVE_DLFCN_H 1
| #define LT_OBJDIR ".libs/"
| #define HAVE_PTHREAD 1
| #define HAVE___SYNC_BOOL_COMPARE_AND_SWAP 1
| #define HAVE___SYNC_ADD_AND_FETCH 1
| #define STDC_HEADERS 1
| #define HAVE_MALLOC_H 1
| #define HAVE_MEMORY_H 1
| #define HAVE_STDLIB_H 1
| #define HAVE_STRING_H 1
| #define HAVE_UNISTD_H 1
| #define HAVE__BOOL 1
| #define HAVE_STDBOOL_H 1
| #define HAVE_STDLIB_H 1
| #define HAVE_MALLOC 1
| #define TIME_WITH_SYS_TIME 1
| #define HAVE_SYS_TIME_H 1
| #define HAVE_UNISTD_H 1
| #define HAVE_ALARM 1
| #define HAVE_STDLIB_H 1
| #define HAVE_REALLOC 1
| #define HAVE_STRFTIME 1
| #define HAVE_VPRINTF 1
| #define HAVE_ATEXIT 1
| #define HAVE_GETCWD 1
| #define HAVE_MEMSET 1
| /* end confdefs.h.  */
| /* Define pow to an innocuous variant, in case <limits.h> declares pow.
|    For example, HP-UX 11i <limits.h> declares gettimeofday.  */
| #define pow innocuous_pow
| 
| /* System header to define __stub macros and hopefully few prototypes,
|     which can conflict with char pow (); below.
|     Prefer <limits.h> to <assert.h> if __STDC__ is defined, since
|     <limits.h> exists even on freestanding compilers.  */
| 
| #ifdef __STDC__
| # include <limits.h>
| #else
| # include <assert.h>
| #endif
| 
| #undef pow
| 
| /* Override any GCC internal prototype to avoid an error.
|    Use char because int might match the return type of a GCC
|    builtin and then its argument prototype would still apply.  */
| #ifdef __cplusplus
| extern "C"
| #endif
| char pow ();
| /* The GNU C library defines this for functions which it implements
|     to always fail with ENOSYS.  Some functions are actually named
|     something starting with __ and the normal name is an alias.  */
| #if defined __stub_pow || defined __stub___pow
| choke me
| #endif
| 
| int
| main ()
| {
| return pow ();
|   ;
|   return 0;
| }
configure:19678: result: no
configure:19678: checking for putenv
configure:19678: gcc -o conftest   -I/home/noah/Desktop/windlab/core -g -O0 -march=i686   -I/home/noah/Desktop/windlab/core -g -O0 -march=i686 -D_NO_CPPUNIT  -Wl,--no-undefined conftest.c  >&5
configure:19678: $? = 0
configure:19678: result: yes
configure:19678: checking for sqrt
configure:19678: gcc -o conftest   -I/home/noah/Desktop/windlab/core -g -O0 -march=i686   -I/home/noah/Desktop/windlab/core -g -O0 -march=i686 -D_NO_CPPUNIT  -Wl,--no-undefined conftest.c  >&5
conftest.c:73:6: warning: conflicting types for built-in function 'sqrt' [enabled by default]
 char sqrt ();
      ^
/tmp/cconCiPk.o: In function `main':
/home/noah/Desktop/windlab/conftest.c:84: undefined reference to `sqrt'
collect2: error: ld returned 1 exit status
configure:19678: $? = 1
configure: failed program was:
| /* confdefs.h */
| #define PACKAGE_NAME "Gridlab-D"
| #define PACKAGE_TARNAME "gridlabd"
| #define PACKAGE_VERSION "2.3.0."
| #define PACKAGE_STRING "Gridlab-D 2.3.0."
| #define PACKAGE_BUGREPORT "David Chassin <david.chassin@pnl.gov>"
| #define PACKAGE_URL ""
| #define PACKAGE "gridlabd"
| #define VERSION "2.3.0."
| #define REALTIME_LDFLAGS "-export-all-symbols"
| #define DLEXT ".so"
| #define STDC_HEADERS 1
| #define HAVE_SYS_TYPES_H 1
| #define HAVE_SYS_STAT_H 1
| #define HAVE_STDLIB_H 1
| #define HAVE_STRING_H 1
| #define HAVE_MEMORY_H 1
| #define HAVE_STRINGS_H 1
| #define HAVE_INTTYPES_H 1
| #define HAVE_STDINT_H 1
| #define HAVE_UNISTD_H 1
| #define HAVE_DLFCN_H 1
| #define LT_OBJDIR ".libs/"
| #define HAVE_PTHREAD 1
| #define HAVE___SYNC_BOOL_COMPARE_AND_SWAP 1
| #define HAVE___SYNC_ADD_AND_FETCH 1
| #define STDC_HEADERS 1
| #define HAVE_MALLOC_H 1
| #define HAVE_MEMORY_H 1
| #define HAVE_STDLIB_H 1
| #define HAVE_STRING_H 1
| #define HAVE_UNISTD_H 1
| #define HAVE__BOOL 1
| #define HAVE_STDBOOL_H 1
| #define HAVE_STDLIB_H 1
| #define HAVE_MALLOC 1
| #define TIME_WITH_SYS_TIME 1
| #define HAVE_SYS_TIME_H 1
| #define HAVE_UNISTD_H 1
| #define HAVE_ALARM 1
| #define HAVE_STDLIB_H 1
| #define HAVE_REALLOC 1
| #define HAVE_STRFTIME 1
| #define HAVE_VPRINTF 1
| #define HAVE_ATEXIT 1
| #define HAVE_GETCWD 1
| #define HAVE_MEMSET 1
| #define HAVE_PUTENV 1
| /* end confdefs.h.  */
| /* Define sqrt to an innocuous variant, in case <limits.h> declares sqrt.
|    For example, HP-UX 11i <limits.h> declares gettimeofday.  */
| #define sqrt innocuous_sqrt
| 
| /* System header to define __stub macros and hopefully few prototypes,
|     which can conflict with char sqrt (); below.
|     Prefer <limits.h> to <assert.h> if __STDC__ is defined, since
|     <limits.h> exists even on freestanding compilers.  */
| 
| #ifdef __STDC__
| # include <limits.h>
| #else
| # include <assert.h>
| #endif
| 
| #undef sqrt
| 
| /* Override any GCC internal prototype to avoid an error.
|    Use char because int might match the return type of a GCC
|    builtin and then its argument prototype would still apply.  */
| #ifdef __cplusplus
| extern "C"
| #endif
| char sqrt ();
| /* The GNU C library defines this for functions which it implements
|     to always fail with ENOSYS.  Some functions are actually named
|     something starting with __ and the normal name is an alias.  */
| #if defined __stub_sqrt || defined __stub___sqrt
| choke me
| #endif
| 
| int
| main ()
| {
| return sqrt ();
|   ;
|   return 0;
| }
configure:19678: result: no
configure:19678: checking for strchr
configure:19678: gcc -o conftest   -I/home/noah/Desktop/windlab/core -g -O0 -march=i686   -I/home/noah/Desktop/windlab/core -g -O0 -march=i686 -D_NO_CPPUNIT  -Wl,--no-undefined conftest.c  >&5
conftest.c:73:6: warning: conflicting types for built-in function 'strchr' [enabled by default]
 char strchr ();
      ^
configure:19678: $? = 0
configure:19678: result: yes
configure:19678: checking for strerror
configure:19678: gcc -o conftest   -I/home/noah/Desktop/windlab/core -g -O0 -march=i686   -I/home/noah/Desktop/windlab/core -g -O0 -march=i686 -D_NO_CPPUNIT  -Wl,--no-undefined conftest.c  >&5
configure:19678: $? = 0
configure:19678: result: yes
configure:19678: checking for strrchr
configure:19678: gcc -o conftest   -I/home/noah/Desktop/windlab/core -g -O0 -march=i686   -I/home/noah/Desktop/windlab/core -g -O0 -march=i686 -D_NO_CPPUNIT  -Wl,--no-undefined conftest.c  >&5
conftest.c:75:6: warning: conflicting types for built-in function 'strrchr' [enabled by default]
 char strrchr ();
      ^
configure:19678: $? = 0
configure:19678: result: yes
configure:19678: checking for tzset
configure:19678: gcc -o conftest   -I/home/noah/Desktop/windlab/core -g -O0 -march=i686   -I/home/noah/Desktop/windlab/core -g -O0 -march=i686 -D_NO_CPPUNIT  -Wl,--no-undefined conftest.c  >&5
configure:19678: $? = 0
configure:19678: result: yes
configure:19687: checking for tgetent in -lcurses
configure:19712: gcc -o conftest   -I/home/noah/Desktop/windlab/core -g -O0 -march=i686   -I/home/noah/Desktop/windlab/core -g -O0 -march=i686 -D_NO_CPPUNIT  -Wl,--no-undefined conftest.c -lcurses   >&5
/usr/bin/ld: cannot find -lcurses
collect2: error: ld returned 1 exit status
configure:19712: $? = 1
configure: failed program was:
| /* confdefs.h */
| #define PACKAGE_NAME "Gridlab-D"
| #define PACKAGE_TARNAME "gridlabd"
| #define PACKAGE_VERSION "2.3.0."
| #define PACKAGE_STRING "Gridlab-D 2.3.0."
| #define PACKAGE_BUGREPORT "David Chassin <david.chassin@pnl.gov>"
| #define PACKAGE_URL ""
| #define PACKAGE "gridlabd"
| #define VERSION "2.3.0."
| #define REALTIME_LDFLAGS "-export-all-symbols"
| #define DLEXT ".so"
| #define STDC_HEADERS 1
| #define HAVE_SYS_TYPES_H 1
| #define HAVE_SYS_STAT_H 1
| #define HAVE_STDLIB_H 1
| #define HAVE_STRING_H 1
| #define HAVE_MEMORY_H 1
| #define HAVE_STRINGS_H 1
| #define HAVE_INTTYPES_H 1
| #define HAVE_STDINT_H 1
| #define HAVE_UNISTD_H 1
| #define HAVE_DLFCN_H 1
| #define LT_OBJDIR ".libs/"
| #define HAVE_PTHREAD 1
| #define HAVE___SYNC_BOOL_COMPARE_AND_SWAP 1
| #define HAVE___SYNC_ADD_AND_FETCH 1
| #define STDC_HEADERS 1
| #define HAVE_MALLOC_H 1
| #define HAVE_MEMORY_H 1
| #define HAVE_STDLIB_H 1
| #define HAVE_STRING_H 1
| #define HAVE_UNISTD_H 1
| #define HAVE__BOOL 1
| #define HAVE_STDBOOL_H 1
| #define HAVE_STDLIB_H 1
| #define HAVE_MALLOC 1
| #define TIME_WITH_SYS_TIME 1
| #define HAVE_SYS_TIME_H 1
| #define HAVE_UNISTD_H 1
| #define HAVE_ALARM 1
| #define HAVE_STDLIB_H 1
| #define HAVE_REALLOC 1
| #define HAVE_STRFTIME 1
| #define HAVE_VPRINTF 1
| #define HAVE_ATEXIT 1
| #define HAVE_GETCWD 1
| #define HAVE_MEMSET 1
| #define HAVE_PUTENV 1
| #define HAVE_STRCHR 1
| #define HAVE_STRERROR 1
| #define HAVE_STRRCHR 1
| #define HAVE_TZSET 1
| /* end confdefs.h.  */
| 
| /* Override any GCC internal prototype to avoid an error.
|    Use char because int might match the return type of a GCC
|    builtin and then its argument prototype would still apply.  */
| #ifdef __cplusplus
| extern "C"
| #endif
| char tgetent ();
| int
| main ()
| {
| return tgetent ();
|   ;
|   return 0;
| }
configure:19721: result: no
configure:19755: checking for pthread_join in LIBS= with CFLAGS=-pthread
configure:19775: gcc -o conftest   -I/home/noah/Desktop/windlab/core -g -O0 -march=i686 -pthread   -I/home/noah/Desktop/windlab/core -g -O0 -march=i686 -D_NO_CPPUNIT  -Wl,--no-undefined conftest.c   >&5
configure:19775: $? = 0
configure:19780: result: yes
configure:19958: checking for joinable pthread attribute
configure:19973: gcc -o conftest   -I/home/noah/Desktop/windlab/core -g -O0 -march=i686 -pthread   -I/home/noah/Desktop/windlab/core -g -O0 -march=i686 -D_NO_CPPUNIT  -Wl,--no-undefined conftest.c   >&5
configure:19973: $? = 0
configure:19979: result: PTHREAD_CREATE_JOINABLE
configure:19989: checking if more special flags are required for pthreads
configure:19996: result: no
configure:20079: checking for get_nprocs
configure:20086: gcc -c   -I/home/noah/Desktop/windlab/core -g -O0 -march=i686   -I/home/noah/Desktop/windlab/core -g -O0 -march=i686 -D_NO_CPPUNIT conftest.c >&5
configure:20086: $? = 0
configure:20087: result: yes
configure:20221: checking that generated files are newer than configure
configure:20227: result: done
configure:20346: creating ./config.status
configure:22868: WARNING: libxerces-c version may not be suitable for building gridlabd: 3.1.1
configure:22906: result:
-----------------------------------------------------------------------

  gridlabd 2.3.0.: Automatic configuration OK.

  Dependencies:

    Doxygen: .................... no
    libcppunit: ................. no
    libxerces-c: ................ yes

  Atomic Builtins:

    __sync_bool_compare_and_swap: yes
    __sync_add_and_fetch: ....... yes

  Installation paths:

    Scripts: .................... /usr/bin
    Libraries: .................. /usr/lib/gridlabd
    Documentation: .............. /usr/share/doc/gridlabd

  Building:

    type 'make' to compile gridlabd.
    type 'make install' to install gridlabd.
    type 'make install DESTDIR=ROOT' to install gridlabd in ROOT.

-----------------------------------------------------------------------


## ---------------- ##
## Cache variables. ##
## ---------------- ##

ac_cv_build=i686-pc-linux-gnu
ac_cv_c_compiler_gnu=yes
ac_cv_c_const=yes
ac_cv_c_inline=inline
ac_cv_cxx_compiler_gnu=yes
ac_cv_env_CCC_set=
ac_cv_env_CCC_value=
ac_cv_env_CC_set=
ac_cv_env_CC_value=
ac_cv_env_CFLAGS_set=
ac_cv_env_CFLAGS_value=
ac_cv_env_CPPFLAGS_set=
ac_cv_env_CPPFLAGS_value=
ac_cv_env_CPP_set=
ac_cv_env_CPP_value=
ac_cv_env_CXXCPP_set=
ac_cv_env_CXXCPP_value=
ac_cv_env_CXXFLAGS_set=
ac_cv_env_CXXFLAGS_value=
ac_cv_env_CXX_set=
ac_cv_env_CXX_value=
ac_cv_env_DOXYGEN_PAPER_SIZE_set=
ac_cv_env_DOXYGEN_PAPER_SIZE_value=
ac_cv_env_LDFLAGS_set=
ac_cv_env_LDFLAGS_value=
ac_cv_env_LIBS_set=
ac_cv_env_LIBS_value=
ac_cv_env_build_alias_set=
ac_cv_env_build_alias_value=
ac_cv_env_host_alias_set=
ac_cv_env_host_alias_value=
ac_cv_env_target_alias_set=
ac_cv_env_target_alias_value=
ac_cv_func__doprnt=no
ac_cv_func_alarm=yes
ac_cv_func_atexit=yes
ac_cv_func_getcwd=yes
ac_cv_func_isfinite=no
ac_cv_func_malloc_0_nonnull=yes
ac_cv_func_memset=yes
ac_cv_func_pow=no
ac_cv_func_putenv=yes
ac_cv_func_realloc_0_nonnull=yes
ac_cv_func_sqrt=no
ac_cv_func_strchr=yes
ac_cv_func_strerror=yes
ac_cv_func_strftime=yes
ac_cv_func_strrchr=yes
ac_cv_func_tzset=yes
ac_cv_func_vprintf=yes
ac_cv_func_working_mktime=yes
ac_cv_header_dlfcn_h=yes
ac_cv_header_inttypes_h=yes
ac_cv_header_malloc_h=yes
ac_cv_header_memory_h=yes
ac_cv_header_stdbool_h=yes
ac_cv_header_stdc=yes
ac_cv_header_stdint_h=yes
ac_cv_header_stdlib_h=yes
ac_cv_header_string_h=yes
ac_cv_header_strings_h=yes
ac_cv_header_sys_stat_h=yes
ac_cv_header_sys_time_h=yes
ac_cv_header_sys_types_h=yes
ac_cv_header_time=yes
ac_cv_header_unistd_h=yes
ac_cv_host=i686-pc-linux-gnu
ac_cv_lib_curses_tgetent=no
ac_cv_objext=o
ac_cv_path_CPPUNIT_CONFIG=no
ac_cv_path_EGREP='/bin/grep -E'
ac_cv_path_FGREP='/bin/grep -F'
ac_cv_path_GREP=/bin/grep
ac_cv_path_SED=/bin/sed
ac_cv_path_ac_pt_DX_PERL=/usr/bin/perl
ac_cv_path_install='/usr/bin/install -c'
ac_cv_path_mkdir=/bin/mkdir
ac_cv_prog_AWK=gawk
ac_cv_prog_CPP='gcc -E'
ac_cv_prog_CXXCPP='g++ -E'
ac_cv_prog_ac_ct_AR=ar
ac_cv_prog_ac_ct_CC=gcc
ac_cv_prog_ac_ct_CXX=g++
ac_cv_prog_ac_ct_MANIFEST_TOOL=mt
ac_cv_prog_ac_ct_OBJDUMP=objdump
ac_cv_prog_ac_ct_RANLIB=ranlib
ac_cv_prog_ac_ct_STRIP=strip
ac_cv_prog_cc_c89=
ac_cv_prog_cc_g=yes
ac_cv_prog_cxx_g=yes
ac_cv_prog_make_make_set=yes
ac_cv_struct_tm=time.h
ac_cv_type__Bool=yes
am_cv_CC_dependencies_compiler_type=gcc3
am_cv_CXX_dependencies_compiler_type=gcc3
am_cv_make_support_nested_variables=yes
lt_cv_ar_at_file=@
lt_cv_archive_cmds_need_lc=no
lt_cv_deplibs_check_method=pass_all
lt_cv_file_magic_cmd='$MAGIC_CMD'
lt_cv_file_magic_test_file=
lt_cv_ld_reload_flag=-r
lt_cv_nm_interface='BSD nm'
lt_cv_objdir=.libs
lt_cv_path_LD=/usr/bin/ld
lt_cv_path_LDCXX=/usr/bin/ld
lt_cv_path_NM='/usr/bin/nm -B'
lt_cv_path_mainfest_tool=no
lt_cv_prog_compiler_c_o=yes
lt_cv_prog_compiler_c_o_CXX=yes
lt_cv_prog_compiler_pic='-fPIC -DPIC'
lt_cv_prog_compiler_pic_CXX='-fPIC -DPIC'
lt_cv_prog_compiler_pic_works=yes
lt_cv_prog_compiler_pic_works_CXX=yes
lt_cv_prog_compiler_rtti_exceptions=no
lt_cv_prog_compiler_static_works=yes
lt_cv_prog_compiler_static_works_CXX=yes
lt_cv_prog_gnu_ld=yes
lt_cv_prog_gnu_ldcxx=yes
lt_cv_sharedlib_from_linklib_cmd='printf %s\n'
lt_cv_shlibpath_overrides_runpath=no
lt_cv_sys_global_symbol_pipe='sed -n -e '\''s/^.*[	 ]\([ABCDGIRSTW][ABCDGIRSTW]*\)[	 ][	 ]*\([_A-Za-z][_A-Za-z0-9]*\)$/\1 \2 \2/p'\'' | sed '\''/ __gnu_lto/d'\'''
lt_cv_sys_global_symbol_to_c_name_address='sed -n -e '\''s/^: \([^ ]*\)[ ]*$/  {\"\1\", (void *) 0},/p'\'' -e '\''s/^[ABCDGIRSTW]* \([^ ]*\) \([^ ]*\)$/  {"\2", (void *) \&\2},/p'\'''
lt_cv_sys_global_symbol_to_c_name_address_lib_prefix='sed -n -e '\''s/^: \([^ ]*\)[ ]*$/  {\"\1\", (void *) 0},/p'\'' -e '\''s/^[ABCDGIRSTW]* \([^ ]*\) \(lib[^ ]*\)$/  {"\2", (void *) \&\2},/p'\'' -e '\''s/^[ABCDGIRSTW]* \([^ ]*\) \([^ ]*\)$/  {"lib\2", (void *) \&\2},/p'\'''
lt_cv_sys_global_symbol_to_cdecl='sed -n -e '\''s/^T .* \(.*\)$/extern int \1();/p'\'' -e '\''s/^[ABCDGIRSTW]* .* \(.*\)$/extern char \1;/p'\'''
lt_cv_sys_max_cmd_len=805306365
lt_cv_to_host_file_cmd=func_convert_file_noop
lt_cv_to_tool_file_cmd=func_convert_file_noop

## ----------------- ##
## Output variables. ##
## ----------------- ##

ACLOCAL='${SHELL} /home/noah/Desktop/windlab/missing aclocal-1.13'
AMDEPBACKSLASH='\'
AMDEP_FALSE='#'
AMDEP_TRUE=''
AMTAR='$${TAR-tar}'
AM_BACKSLASH='\'
AM_DEFAULT_V='$(AM_DEFAULT_VERBOSITY)'
AM_DEFAULT_VERBOSITY='1'
AM_V='$(V)'
AR='ar'
AS=''
AUTOCONF='${SHELL} /home/noah/Desktop/windlab/missing autoconf'
AUTOHEADER='${SHELL} /home/noah/Desktop/windlab/missing autoheader'
AUTOMAKE='${SHELL} /home/noah/Desktop/windlab/missing automake-1.13'
AWK='gawk'
CC='gcc'
CCDEPMODE='depmode=gcc3'
CFLAGS='  -I/home/noah/Desktop/windlab/core -g -O0 -march=i686'
CPP='gcc -E'
CPPFLAGS='  -I/home/noah/Desktop/windlab/core -g -O0 -march=i686 -D_NO_CPPUNIT'
CPPUNIT_CFLAGS=''
CPPUNIT_CONFIG='no'
CPPUNIT_LIBS=''
CXX='g++'
CXXCPP='g++ -E'
CXXDEPMODE='depmode=gcc3'
CXXFLAGS='  -I/home/noah/Desktop/windlab/core -g -O0 -march=i686'
CYGPATH_W='echo'
DEFS='-DHAVE_CONFIG_H'
DEPDIR='.deps'
DLLTOOL='false'
DOXYGEN_PAPER_SIZE=''
DSYMUTIL=''
DUMPBIN=''
DX_COND_chi_FALSE=''
DX_COND_chi_TRUE='#'
DX_COND_chm_FALSE=''
DX_COND_chm_TRUE='#'
DX_COND_doc_FALSE=''
DX_COND_doc_TRUE='#'
DX_COND_dot_FALSE=''
DX_COND_dot_TRUE='#'
DX_COND_html_FALSE=''
DX_COND_html_TRUE='#'
DX_COND_latex_FALSE=''
DX_COND_latex_TRUE='#'
DX_COND_man_FALSE=''
DX_COND_man_TRUE='#'
DX_COND_pdf_FALSE=''
DX_COND_pdf_TRUE='#'
DX_COND_ps_FALSE=''
DX_COND_ps_TRUE='#'
DX_COND_rtf_FALSE=''
DX_COND_rtf_TRUE='#'
DX_COND_xml_FALSE=''
DX_COND_xml_TRUE='#'
DX_CONFIG='doxygen/gridlabd.conf'
DX_DOCDIR='doxygen-doc'
DX_DOT=''
DX_DOXYGEN=''
DX_DVIPS=''
DX_EGREP=''
DX_ENV=' SRCDIR='\''.'\'' PROJECT='\''gridlabd'\'' DOCDIR='\''doxygen-doc'\'' VERSION='\''2.3.0.'\'' HAVE_DOT='\''NO'\'' GENERATE_MAN='\''NO'\'' GENERATE_RTF='\''NO'\'' GENERATE_XML='\''NO'\'' GENERATE_HTMLHELP='\''NO'\'' GENERATE_CHI='\''NO'\'' GENERATE_HTML='\''NO'\'' GENERATE_LATEX='\''NO'\'''
DX_FLAG_chi='0'
DX_FLAG_chm='0'
DX_FLAG_doc='0'
DX_FLAG_dot='0'
DX_FLAG_html='0'
DX_FLAG_man='0'
DX_FLAG_pdf='0'
DX_FLAG_ps='0'
DX_FLAG_rtf='0'
DX_FLAG_xml='0'
DX_HHC=''
DX_LATEX=''
DX_MAKEINDEX=''
DX_PDFLATEX=''
DX_PERL='/usr/bin/perl'
DX_PROJECT='gridlabd'
ECHO_C=''
ECHO_N='-n'
ECHO_T=''
EGREP='/bin/grep -E'
EXEEXT=''
FGREP='/bin/grep -F'
GREP='/bin/grep'
HAVE_XERCES='yes'
INSTALL_DATA='${INSTALL} -m 644'
INSTALL_PROGRAM='${INSTALL}'
INSTALL_SCRIPT='${INSTALL}'
INSTALL_STRIP_PROGRAM='$(install_sh) -c -s'
LD='/usr/bin/ld'
LDFLAGS=' -Wl,--no-undefined'
LIBEXT='.so'
LIBOBJS=''
LIBS=''
LIBTOOL='$(SHELL) $(top_builddir)/libtool'
LIPO=''
LN_S='ln -s'
LTLIBOBJS=''
MAKEINFO='${SHELL} /home/noah/Desktop/windlab/missing makeinfo'
MANIFEST_TOOL=':'
MISSING_XERCES_FALSE=''
MISSING_XERCES_TRUE='#'
MKDIR_P='/bin/mkdir -p'
NM='/usr/bin/nm -B'
NMEDIT=''
OBJDUMP='objdump'
OBJEXT='o'
OTOOL64=''
OTOOL=''
PACKAGE='gridlabd'
PACKAGE_BASEVERSION='2.3.0'
PACKAGE_BRANCH='Grizzly'
PACKAGE_BUGREPORT='David Chassin <david.chassin@pnl.gov>'
PACKAGE_NAME='Gridlab-D'
PACKAGE_REVISION=''
PACKAGE_STRING='Gridlab-D 2.3.0.'
PACKAGE_TARNAME='gridlabd'
PACKAGE_URL=''
PACKAGE_VERSION='2.3.0.'
PATH_SEPARATOR=':'
PTHREAD_CC='gcc'
PTHREAD_CFLAGS='-pthread'
PTHREAD_LIBS=''
RANLIB='ranlib'
SED='/bin/sed'
SET_MAKE=''
SHELL='/bin/bash'
STRIP='strip'
VERSION='2.3.0.'
XERCES_CPPFLAGS='-I/usr/include -I/usr/include/xercesc'
XERCES_LDFLAGS='-L/usr/lib '
XERCES_LIBS='-lxerces-c '
XERCES_VERSION='3.1.1'
ac_ct_AR='ar'
ac_ct_CC='gcc'
ac_ct_CXX='g++'
ac_ct_DUMPBIN=''
acx_pthread_config=''
am__EXEEXT_FALSE=''
am__EXEEXT_TRUE='#'
am__fastdepCC_FALSE='#'
am__fastdepCC_TRUE=''
am__fastdepCXX_FALSE='#'
am__fastdepCXX_TRUE=''
am__include='include'
am__isrc=''
am__leading_dot='.'
am__nodep='_no'
am__quote=''
am__tar='$${TAR-tar} chof - "$$tardir"'
am__untar='$${TAR-tar} xf -'
bindir='${exec_prefix}/bin'
build='i686-pc-linux-gnu'
build_alias=''
build_cpu='i686'
build_os='linux-gnu'
build_vendor='pc'
datadir='${datarootdir}'
datarootdir='${prefix}/share'
docdir='${datarootdir}/doc/${PACKAGE_TARNAME}'
dvidir='${docdir}'
exec_prefix='${prefix}'
host='i686-pc-linux-gnu'
host_alias=''
host_cpu='i686'
host_os='linux-gnu'
host_vendor='pc'
htmldir='${docdir}'
includedir='${prefix}/include'
infodir='${datarootdir}/info'
install_sh='${SHELL} /home/noah/Desktop/windlab/install-sh'
libdir='${exec_prefix}/lib'
libexecdir='${exec_prefix}/libexec'
localedir='${datarootdir}/locale'
localstatedir='${prefix}/var'
mandir='${datarootdir}/man'
mkdir_p='$(MKDIR_P)'
oldincludedir='/usr/include'
pdfdir='${docdir}'
prefix='/usr'
program_transform_name='s,x,x,'
psdir='${docdir}'
sbindir='${exec_prefix}/sbin'
sharedstatedir='${prefix}/com'
sysconfdir='${prefix}/etc'
target_alias=''

## ----------- ##
## confdefs.h. ##
## ----------- ##

/* confdefs.h */
#define PACKAGE_NAME "Gridlab-D"
#define PACKAGE_TARNAME "gridlabd"
#define PACKAGE_VERSION "2.3.0."
#define PACKAGE_STRING "Gridlab-D 2.3.0."
#define PACKAGE_BUGREPORT "David Chassin <david.chassin@pnl.gov>"
#define PACKAGE_URL ""
#define PACKAGE "gridlabd"
#define VERSION "2.3.0."
#define REALTIME_LDFLAGS "-export-all-symbols"
#define DLEXT ".so"
#define STDC_HEADERS 1
#define HAVE_SYS_TYPES_H 1
#define HAVE_SYS_STAT_H 1
#define HAVE_STDLIB_H 1
#define HAVE_STRING_H 1
#define HAVE_MEMORY_H 1
#define HAVE_STRINGS_H 1
#define HAVE_INTTYPES_H 1
#define HAVE_STDINT_H 1
#define HAVE_UNISTD_H 1
#define HAVE_DLFCN_H 1
#define LT_OBJDIR ".libs/"
#define HAVE_PTHREAD 1
#define HAVE___SYNC_BOOL_COMPARE_AND_SWAP 1
#define HAVE___SYNC_ADD_AND_FETCH 1
#define STDC_HEADERS 1
#define HAVE_MALLOC_H 1
#define HAVE_MEMORY_H 1
#define HAVE_STDLIB_H 1
#define HAVE_STRING_H 1
#define HAVE_UNISTD_H 1
#define HAVE__BOOL 1
#define HAVE_STDBOOL_H 1
#define HAVE_STDLIB_H 1
#define HAVE_MALLOC 1
#define TIME_WITH_SYS_TIME 1
#define HAVE_SYS_TIME_H 1
#define HAVE_UNISTD_H 1
#define HAVE_ALARM 1
#define HAVE_STDLIB_H 1
#define HAVE_REALLOC 1
#define HAVE_STRFTIME 1
#define HAVE_VPRINTF 1
#define HAVE_ATEXIT 1
#define HAVE_GETCWD 1
#define HAVE_MEMSET 1
#define HAVE_PUTENV 1
#define HAVE_STRCHR 1
#define HAVE_STRERROR 1
#define HAVE_STRRCHR 1
#define HAVE_TZSET 1
#define HAVE_PTHREAD 1
#define HAVE_GET_NPROCS 1

configure: exit 0

## ---------------------- ##
## Running config.status. ##
## ---------------------- ##

This file was extended by Gridlab-D config.status 2.3.0., which was
generated by GNU Autoconf 2.69.  Invocation command line was

  CONFIG_FILES    = 
  CONFIG_HEADERS  = 
  CONFIG_LINKS    = 
  CONFIG_COMMANDS = 
  $ ./config.status 

on noah-mint

config.status:1264: creating Makefile
config.status:1264: creating core/Makefile
config.status:1264: creating core/rt/Makefile
config.status:1264: creating core/solvers/Makefile
config.status:1264: creating assert/Makefile
config.status:1264: creating climate/Makefile
config.status:1264: creating climate/tmy/Makefile
config.status:1264: creating commercial/Makefile
config.status:1264: creating network/Makefile
config.status:1264: creating optimize/Makefile
config.status:1264: creating powerflow/Makefile
config.status:1264: creating residential/Makefile
config.status:1264: creating reliability/Makefile
config.status:1264: creating generators/Makefile
config.status:1264: creating plc/Makefile
config.status:1264: creating market/Makefile
config.status:1264: creating tape_file/Makefile
config.status:1264: creating tape_plot/Makefile
config.status:1264: creating tape/Makefile
config.status:1264: creating third_party/CBLAS/Makefile
config.status:1264: creating third_party/superLU_MT/Makefile
config.status:1264: creating gridlabd.spec
config.status:1264: creating core/config.h
config.status:1493: executing depfiles commands
config.status:1493: executing libtool commands
